2025-03-28 16:06:38,191 [INFO] Activator:176 - 


2025-03-28 16:06:38,193 [INFO] Activator:177 - !SESSION log4j initialized
2025-03-28 16:06:42,678 [INFO] LogOutputStream:77 - [STDOUT_REDIRECT] 
2025-03-28 16:06:43,359 [INFO] ApplicationProperties:184 - Using Application install path: /opt/stm32cubeide/plugins/com.st.stm32cube.common.mx_6.14.0.202502271554
2025-03-28 16:06:43,386 [INFO] DbMcusXml:78 - Set database path to: /opt/stm32cubeide/plugins/com.st.stm32cube.common.mx_6.14.0.202502271554//db//mcu/
2025-03-28 16:06:43,387 [INFO] ApiDb:274 - Set plugin database path to: /opt/stm32cubeide/plugins/com.st.stm32cube.common.mx_6.14.0.202502271554//db//plugins/boardmanager/
2025-03-28 16:06:43,387 [WARN] ApiDb:259 - Overriding images path with different value:  => /opt/stm32cubeide/plugins/com.st.stm32cube.common.mx_6.14.0.202502271554//db//plugins/mcufinder/images/
2025-03-28 16:06:43,403 [INFO] ApiDb:250 - Set database path to: /home/leonard/.stmcufinder/plugins/mcufinder//mcu/
2025-03-28 16:06:43,405 [INFO] DbMcusAds:125 - Set database path to: /home/leonard/.stmcufinder/plugins/mcufinder//mcu/
2025-03-28 16:06:43,411 [INFO] CrossReferenceDbSqlite:203 - Set database path to: /home/leonard/.stmcufinder/plugins/mcufinder//mcu/cs/
2025-03-28 16:06:43,518 [INFO] RulesReader:64 - Compatibility file has been processed (301 Rules)
2025-03-28 16:06:43,566 [INFO] DbMcusXml:78 - Set database path to: /opt/stm32cubeide/plugins/com.st.stm32cube.common.mx_6.14.0.202502271554//db//mcu/
2025-03-28 16:06:43,566 [INFO] ApiDb:274 - Set plugin database path to: /opt/stm32cubeide/plugins/com.st.stm32cube.common.mx_6.14.0.202502271554//db//plugins/boardmanager/
2025-03-28 16:06:43,566 [INFO] ApiDb:261 - Set plugin images path to: /opt/stm32cubeide/plugins/com.st.stm32cube.common.mx_6.14.0.202502271554//db//plugins/mcufinder/images/
2025-03-28 16:06:43,566 [WARN] DbFile:41 - Overriding database path with different value: /home/leonard/.stmcufinder/plugins/mcufinder/ => /home/leonard/.stmcufinder/plugins/mcufinder
2025-03-28 16:06:43,567 [INFO] ApiDb:250 - Set database path to: /home/leonard/.stmcufinder/plugins/mcufinder//mcu/
2025-03-28 16:06:43,567 [WARN] DbFile:41 - Overriding database path with different value: /home/leonard/.stmcufinder/plugins/mcufinder/ => /home/leonard/.stmcufinder/plugins/mcufinder
2025-03-28 16:06:43,567 [INFO] DbMcusAds:125 - Set database path to: /home/leonard/.stmcufinder/plugins/mcufinder//mcu/
2025-03-28 16:06:43,567 [WARN] DbFile:41 - Overriding database path with different value: /home/leonard/.stmcufinder/plugins/mcufinder/ => /home/leonard/.stmcufinder/plugins/mcufinder
2025-03-28 16:06:43,567 [WARN] DbFile:41 - Overriding database path with different value: /home/leonard/.stmcufinder/plugins/mcufinder/ => /home/leonard/.stmcufinder/plugins/mcufinder
2025-03-28 16:06:43,567 [INFO] CrossReferenceDbSqlite:203 - Set database path to: /home/leonard/.stmcufinder/plugins/mcufinder//mcu/cs/
2025-03-28 16:06:43,644 [INFO] MainPanel:272 - HeapMemory: 268435456
2025-03-28 16:06:43,913 [INFO] DbMcusXml:78 - Set database path to: /opt/stm32cubeide/plugins/com.st.stm32cube.common.mx_6.14.0.202502271554//db//mcu/
2025-03-28 16:06:43,913 [INFO] ApiDb:274 - Set plugin database path to: /opt/stm32cubeide/plugins/com.st.stm32cube.common.mx_6.14.0.202502271554//db//plugins/boardmanager/
2025-03-28 16:06:43,914 [INFO] ApiDb:261 - Set plugin images path to: /opt/stm32cubeide/plugins/com.st.stm32cube.common.mx_6.14.0.202502271554//db//plugins/mcufinder/images/
2025-03-28 16:06:43,914 [WARN] DbFile:41 - Overriding database path with different value: /home/leonard/.stmcufinder/plugins/mcufinder/ => /home/leonard/.stmcufinder/plugins/mcufinder
2025-03-28 16:06:43,914 [INFO] ApiDb:250 - Set database path to: /home/leonard/.stmcufinder/plugins/mcufinder//mcu/
2025-03-28 16:06:43,914 [WARN] DbFile:41 - Overriding database path with different value: /home/leonard/.stmcufinder/plugins/mcufinder/ => /home/leonard/.stmcufinder/plugins/mcufinder
2025-03-28 16:06:43,914 [INFO] DbMcusAds:125 - Set database path to: /home/leonard/.stmcufinder/plugins/mcufinder//mcu/
2025-03-28 16:06:43,914 [WARN] DbFile:41 - Overriding database path with different value: /home/leonard/.stmcufinder/plugins/mcufinder/ => /home/leonard/.stmcufinder/plugins/mcufinder
2025-03-28 16:06:43,914 [WARN] DbFile:41 - Overriding database path with different value: /home/leonard/.stmcufinder/plugins/mcufinder/ => /home/leonard/.stmcufinder/plugins/mcufinder
2025-03-28 16:06:43,914 [INFO] CrossReferenceDbSqlite:203 - Set database path to: /home/leonard/.stmcufinder/plugins/mcufinder//mcu/cs/
2025-03-28 16:06:43,928 [INFO] ApplicationProperties:184 - Using Application install path: /opt/stm32cubeide/plugins/com.st.stm32cube.common.mx_6.14.0.202502271554
2025-03-28 16:06:43,929 [INFO] PluginManage:196 - Search for loadable plugins [exclusion list=, ]
2025-03-28 16:06:43,931 [INFO] PluginManage:310 - Check plugin analytics
2025-03-28 16:06:44,039 [INFO] AnalyticsPlugin:253 - Accepted Software Licenses: 
2025-03-28 16:06:44,039 [INFO] AnalyticsPlugin:255 - Accepted CMSIS Pack Licenses: 
2025-03-28 16:06:44,039 [INFO] AnalyticsPlugin:257 - Accepted Firmware Licenses: FW.F4.1.28.0
2025-03-28 16:06:44,039 [INFO] PluginManage:359 - Loaded plugin analytics (category:tool,tabindex:-1)
2025-03-28 16:06:44,040 [INFO] PluginManage:310 - Check plugin cadmodel
2025-03-28 16:06:44,057 [INFO] CADModel:105 - Init CAD model plugin
2025-03-28 16:06:44,057 [INFO] PluginManage:359 - Loaded plugin cadmodel (category:power,tabindex:5)
2025-03-28 16:06:44,058 [INFO] PluginManage:310 - Check plugin clock
2025-03-28 16:06:44,071 [INFO] PluginManage:359 - Loaded plugin clock (category:base,tabindex:2)
2025-03-28 16:06:44,071 [INFO] PluginManage:310 - Check plugin ddr
2025-03-28 16:06:44,074 [INFO] PluginManage:359 - Loaded plugin ddr (category:tool,tabindex:6)
2025-03-28 16:06:44,074 [INFO] PluginManage:310 - Check plugin filemanager
2025-03-28 16:06:44,211 [INFO] PluginManage:359 - Loaded plugin filemanager (category:base,tabindex:10)
2025-03-28 16:06:44,213 [INFO] PluginManage:310 - Check plugin ipmanager
2025-03-28 16:06:44,225 [INFO] PluginManage:359 - Loaded plugin ipmanager (category:base,tabindex:5)
2025-03-28 16:06:44,225 [INFO] PluginManage:310 - Check plugin lpbam
2025-03-28 16:06:44,237 [INFO] PluginManage:359 - Loaded plugin lpbam (category:base,tabindex:0)
2025-03-28 16:06:44,237 [INFO] PluginManage:310 - Check plugin memorymap
2025-03-28 16:06:44,250 [INFO] PluginManage:359 - Loaded plugin memorymap (category:base,tabindex:4)
2025-03-28 16:06:44,250 [INFO] PluginManage:310 - Check plugin pinoutandconfiguration
2025-03-28 16:06:44,259 [INFO] PluginManage:359 - Loaded plugin pinoutandconfiguration (category:base,tabindex:1)
2025-03-28 16:06:44,259 [INFO] PluginManage:310 - Check plugin pinoutconfig
2025-03-28 16:06:44,336 [WARN] SupportedApi:132 - Cannot load RTOS API schema: s4s-elt-must-match.1: The content of 'definitions' must match (annotation?, (simpleType | complexType)?, (unique | key | keyref)*)). A problem was found starting at: attribute.
2025-03-28 16:06:44,442 [INFO] PluginManage:359 - Loaded plugin pinoutconfig (category:base,tabindex:0)
2025-03-28 16:06:44,443 [INFO] PluginManage:310 - Check plugin power
2025-03-28 16:06:44,457 [INFO] PluginManage:359 - Loaded plugin power (category:power,tabindex:4)
2025-03-28 16:06:44,458 [INFO] PluginManage:310 - Check plugin projectmanager
2025-03-28 16:06:44,466 [INFO] PluginManage:359 - Loaded plugin projectmanager (category:projectmanager,tabindex:4)
2025-03-28 16:06:44,467 [INFO] PluginManage:310 - Check plugin rif
2025-03-28 16:06:44,478 [INFO] PluginManage:359 - Loaded plugin rif (category:base,tabindex:3)
2025-03-28 16:06:44,479 [INFO] PluginManage:310 - Check plugin thirdparty
2025-03-28 16:06:44,654 [INFO] PluginManage:359 - Loaded plugin thirdparty (category:base,tabindex:-1)
2025-03-28 16:06:44,654 [WARN] IntegrityCheckThread:84 - waiting for thirdparty lock release [integrity check]
2025-03-28 16:06:44,654 [INFO] PluginManage:310 - Check plugin tools
2025-03-28 16:06:44,654 [INFO] IntegrityCheckThread:86 - entering critical section [integrity check]
2025-03-28 16:06:44,655 [INFO] ThirdPartyUpdaterWithRetryManager:70 - Updater plugin not ready yet. [1/15]
2025-03-28 16:06:44,656 [INFO] PluginManage:359 - Loaded plugin tools (category:base,tabindex:7)
2025-03-28 16:06:44,656 [INFO] PluginManage:310 - Check plugin tutovideos
2025-03-28 16:06:44,850 [INFO] PluginManage:359 - Loaded plugin tutovideos (category:base,tabindex:-1)
2025-03-28 16:06:44,852 [INFO] PluginManage:310 - Check plugin updater
2025-03-28 16:06:44,877 [INFO] PluginManage:359 - Loaded plugin updater (category:base,tabindex:12)
2025-03-28 16:06:44,877 [INFO] PluginManage:310 - Check plugin userauth
2025-03-28 16:06:44,881 [INFO] UserAuth:118 - Init User Auth plugin
2025-03-28 16:06:44,882 [INFO] PluginManage:359 - Loaded plugin userauth (category:base,tabindex:14)
2025-03-28 16:06:44,882 [INFO] PluginManage:283 - PluginManage : Loaded plugins [18]
2025-03-28 16:06:45,041 [INFO] PinOutPanel:1589 - setPackage(No Configuration,No Configuration)
2025-03-28 16:06:45,125 [INFO] CADModel:165 - CPN selected for project level
2025-03-28 16:06:45,125 [INFO] CADModel:114 - Register for checkConnection events
2025-03-28 16:06:45,147 [INFO] IPUIPlugin:80 - create IPUIPlugin
2025-03-28 16:06:45,147 [INFO] PluginManager:220 - loadIPPluginJar : add ipddr
2025-03-28 16:06:45,149 [INFO] IPUIPlugin:80 - create IPUIPlugin
2025-03-28 16:06:45,150 [INFO] PluginManager:220 - loadIPPluginJar : add pdm2pcm
2025-03-28 16:06:45,151 [INFO] IPUIPlugin:80 - create IPUIPlugin
2025-03-28 16:06:45,151 [INFO] PluginManager:220 - loadIPPluginJar : add tim
2025-03-28 16:06:45,154 [INFO] IPUIPlugin:80 - create IPUIPlugin
2025-03-28 16:06:45,154 [INFO] PluginManager:220 - loadIPPluginJar : add touchsensing
2025-03-28 16:06:45,156 [INFO] IPUIPlugin:80 - create IPUIPlugin
2025-03-28 16:06:45,156 [INFO] PluginManager:220 - loadIPPluginJar : add openamp
2025-03-28 16:06:45,158 [INFO] IPUIPlugin:80 - create IPUIPlugin
2025-03-28 16:06:45,158 [INFO] PluginManager:220 - loadIPPluginJar : add cryp
2025-03-28 16:06:45,159 [INFO] IPUIPlugin:80 - create IPUIPlugin
2025-03-28 16:06:45,159 [INFO] PluginManager:220 - loadIPPluginJar : add tsc
2025-03-28 16:06:45,161 [INFO] IPUIPlugin:80 - create IPUIPlugin
2025-03-28 16:06:45,161 [INFO] PluginManager:220 - loadIPPluginJar : add lorawan
2025-03-28 16:06:45,166 [INFO] IPUIPlugin:80 - create IPUIPlugin
2025-03-28 16:06:45,167 [INFO] PluginManager:220 - loadIPPluginJar : add mdma
2025-03-28 16:06:45,169 [INFO] IPUIPlugin:80 - create IPUIPlugin
2025-03-28 16:06:45,169 [INFO] PluginManager:220 - loadIPPluginJar : add hash
2025-03-28 16:06:45,172 [INFO] IPUIPlugin:80 - create IPUIPlugin
2025-03-28 16:06:45,172 [INFO] PluginManager:220 - loadIPPluginJar : add sai
2025-03-28 16:06:45,174 [INFO] IPUIPlugin:80 - create IPUIPlugin
2025-03-28 16:06:45,174 [INFO] PluginManager:220 - loadIPPluginJar : add aes
2025-03-28 16:06:45,178 [INFO] IPUIPlugin:80 - create IPUIPlugin
2025-03-28 16:06:45,178 [INFO] PluginManager:220 - loadIPPluginJar : add nvic
2025-03-28 16:06:45,186 [INFO] IPUIPlugin:80 - create IPUIPlugin
2025-03-28 16:06:45,186 [INFO] PluginManager:220 - loadIPPluginJar : add stm32_wpan
2025-03-28 16:06:45,187 [INFO] IPUIPlugin:80 - create IPUIPlugin
2025-03-28 16:06:45,187 [INFO] PluginManager:220 - loadIPPluginJar : add comp
2025-03-28 16:06:45,189 [INFO] IPUIPlugin:80 - create IPUIPlugin
2025-03-28 16:06:45,189 [INFO] PluginManager:220 - loadIPPluginJar : add i3c
2025-03-28 16:06:45,203 [INFO] IPUIPlugin:80 - create IPUIPlugin
2025-03-28 16:06:45,204 [INFO] PluginManager:220 - loadIPPluginJar : add resmgrutility
2025-03-28 16:06:45,209 [INFO] IPUIPlugin:80 - create IPUIPlugin
2025-03-28 16:06:45,209 [INFO] PluginManager:220 - loadIPPluginJar : add gic
2025-03-28 16:06:45,211 [INFO] IPUIPlugin:80 - create IPUIPlugin
2025-03-28 16:06:45,211 [INFO] PluginManager:220 - loadIPPluginJar : add ts
2025-03-28 16:06:45,216 [INFO] IPUIPlugin:80 - create IPUIPlugin
2025-03-28 16:06:45,216 [INFO] PluginManager:220 - loadIPPluginJar : add dma
2025-03-28 16:06:45,219 [INFO] IPUIPlugin:80 - create IPUIPlugin
2025-03-28 16:06:45,219 [INFO] PluginManager:220 - loadIPPluginJar : add gtzc
2025-03-28 16:06:45,220 [INFO] IPUIPlugin:80 - create IPUIPlugin
2025-03-28 16:06:45,221 [INFO] PluginManager:220 - loadIPPluginJar : add radio
2025-03-28 16:06:45,221 [INFO] IPUIPlugin:80 - create IPUIPlugin
2025-03-28 16:06:45,221 [INFO] PluginManager:220 - loadIPPluginJar : add quadspi
2025-03-28 16:06:45,224 [INFO] IPUIPlugin:80 - create IPUIPlugin
2025-03-28 16:06:45,224 [INFO] PluginManager:220 - loadIPPluginJar : add gfxmmu
2025-03-28 16:06:45,231 [INFO] IPUIPlugin:80 - create IPUIPlugin
2025-03-28 16:06:45,231 [INFO] PluginManager:220 - loadIPPluginJar : add freertos
2025-03-28 16:06:45,232 [INFO] IPUIPlugin:80 - create IPUIPlugin
2025-03-28 16:06:45,233 [INFO] PluginManager:220 - loadIPPluginJar : add dfsdm
2025-03-28 16:06:45,234 [INFO] IPUIPlugin:80 - create IPUIPlugin
2025-03-28 16:06:45,234 [INFO] PluginManager:220 - loadIPPluginJar : add spi
2025-03-28 16:06:45,235 [INFO] IPUIPlugin:80 - create IPUIPlugin
2025-03-28 16:06:45,235 [INFO] PluginManager:220 - loadIPPluginJar : add fatfs
2025-03-28 16:06:45,237 [INFO] IPUIPlugin:80 - create IPUIPlugin
2025-03-28 16:06:45,237 [INFO] PluginManager:220 - loadIPPluginJar : add i2s
2025-03-28 16:06:45,242 [INFO] IPUIPlugin:80 - create IPUIPlugin
2025-03-28 16:06:45,242 [INFO] PluginManager:220 - loadIPPluginJar : add adc
2025-03-28 16:06:45,250 [INFO] IPUIPlugin:80 - create IPUIPlugin
2025-03-28 16:06:45,251 [INFO] PluginManager:220 - loadIPPluginJar : add plateformsettings
2025-03-28 16:06:45,253 [INFO] IPUIPlugin:80 - create IPUIPlugin
2025-03-28 16:06:45,254 [INFO] PluginManager:220 - loadIPPluginJar : add can
2025-03-28 16:06:45,261 [INFO] IPUIPlugin:80 - create IPUIPlugin
2025-03-28 16:06:45,261 [INFO] PluginManager:220 - loadIPPluginJar : add linkedlist
2025-03-28 16:06:45,263 [INFO] IPUIPlugin:80 - create IPUIPlugin
2025-03-28 16:06:45,263 [INFO] PluginManager:220 - loadIPPluginJar : add dma3
2025-03-28 16:06:45,267 [INFO] IPUIPlugin:80 - create IPUIPlugin
2025-03-28 16:06:45,267 [INFO] PluginManager:220 - loadIPPluginJar : add ddr_ctrl_phy
2025-03-28 16:06:45,269 [INFO] IPUIPlugin:80 - create IPUIPlugin
2025-03-28 16:06:45,269 [INFO] PluginManager:220 - loadIPPluginJar : add i2c
2025-03-28 16:06:45,272 [INFO] IPUIPlugin:80 - create IPUIPlugin
2025-03-28 16:06:45,272 [INFO] PluginManager:220 - loadIPPluginJar : add extmemmanager
2025-03-28 16:06:45,273 [INFO] IPUIPlugin:80 - create IPUIPlugin
2025-03-28 16:06:45,273 [INFO] PluginManager:220 - loadIPPluginJar : add tracer_emb
2025-03-28 16:06:45,275 [INFO] IPUIPlugin:80 - create IPUIPlugin
2025-03-28 16:06:45,275 [INFO] PluginManager:220 - loadIPPluginJar : add usbx
2025-03-28 16:06:45,281 [INFO] IPUIPlugin:80 - create IPUIPlugin
2025-03-28 16:06:45,281 [INFO] PluginManager:220 - loadIPPluginJar : add gpio
2025-03-28 16:06:45,283 [INFO] IPUIPlugin:80 - create IPUIPlugin
2025-03-28 16:06:45,283 [INFO] PluginManager:220 - loadIPPluginJar : add opamp
2025-03-28 16:06:45,285 [INFO] IPUIPlugin:80 - create IPUIPlugin
2025-03-28 16:06:45,285 [INFO] PluginManager:220 - loadIPPluginJar : add ltdc
2025-03-28 16:06:45,286 [INFO] IPUIPlugin:80 - create IPUIPlugin
2025-03-28 16:06:45,287 [INFO] PluginManager:220 - loadIPPluginJar : add ucpd
2025-03-28 16:06:45,290 [INFO] IPUIPlugin:80 - create IPUIPlugin
2025-03-28 16:06:45,290 [INFO] PluginManager:220 - loadIPPluginJar : add fmc
2025-03-28 16:06:45,291 [INFO] IPUIPlugin:80 - create IPUIPlugin
2025-03-28 16:06:45,291 [INFO] PluginManager:220 - loadIPPluginJar : add genericplugin
2025-03-28 16:06:45,293 [INFO] IPUIPlugin:80 - create IPUIPlugin
2025-03-28 16:06:45,293 [INFO] PluginManager:220 - loadIPPluginJar : add usart
2025-03-28 16:06:45,382 [FATAL] Updater:351 - Updater called before beeing initialized
2025-03-28 16:06:45,400 [INFO] RulesReader:64 - Compatibility file has been processed (301 Rules)
2025-03-28 16:06:45,405 [INFO] RulesReader:64 - Compatibility file has been processed (301 Rules)
2025-03-28 16:06:45,409 [INFO] CADModel:165 - CPN selected for project level
2025-03-28 16:06:45,409 [INFO] CADModel:114 - Register for checkConnection events
2025-03-28 16:06:45,410 [FATAL] Updater:351 - Updater called before beeing initialized
2025-03-28 16:06:45,410 [ERROR] CADModel:125 - Updater not yet initialized, retry later 
2025-03-28 16:06:45,570 [FATAL] Updater:351 - Updater called before beeing initialized
2025-03-28 16:06:45,572 [INFO] CADModel:165 - CPN selected for project level
2025-03-28 16:06:45,572 [INFO] CADModel:114 - Register for checkConnection events
2025-03-28 16:06:45,572 [FATAL] Updater:351 - Updater called before beeing initialized
2025-03-28 16:06:45,572 [ERROR] CADModel:125 - Updater not yet initialized, retry later 
2025-03-28 16:06:45,574 [FATAL] Updater:351 - Updater called before beeing initialized
2025-03-28 16:06:45,851 [FATAL] Updater:351 - Updater called before beeing initialized
2025-03-28 16:06:45,854 [INFO] DbMcusAds:53 - JSON generation date=Thu Mar 06 15:54:21 CET 2025 (1741272861825)
2025-03-28 16:06:45,855 [FATAL] Updater:351 - Updater called before beeing initialized
2025-03-28 16:06:45,908 [WARN] DetailPanel:346 - Failed to get advertising image, set to default
2025-03-28 16:06:46,084 [FATAL] Updater:351 - Updater called before beeing initialized
2025-03-28 16:06:46,086 [FATAL] Updater:351 - Updater called before beeing initialized
2025-03-28 16:06:46,086 [FATAL] Updater:351 - Updater called before beeing initialized
2025-03-28 16:06:46,086 [WARN] DetailPanel:346 - Failed to get advertising image, set to default
2025-03-28 16:06:46,087 [FATAL] Updater:351 - Updater called before beeing initialized
2025-03-28 16:06:46,111 [ERROR] Updater:1198 - MainUpdater not yet initialized. External WinMGr cannot be set.
2025-03-28 16:06:46,113 [INFO] Updater:1134 - Updater Version found : 6.14.0
2025-03-28 16:06:46,134 [INFO] ApplicationProperties:184 - Using Application install path: /opt/stm32cubeide/plugins/com.st.stm32cube.common.mx_6.14.0.202502271554
2025-03-28 16:06:46,401 [INFO] MainUpdater:2872 - connection check result : 10
2025-03-28 16:06:46,402 [INFO] MainUpdater:289 - Updater Check For Update Now.
2025-03-28 16:06:46,402 [INFO] MicroXplorer:498 - Change Database Version : DB.6.0.140
2025-03-28 16:06:46,405 [INFO] McuFinderGlobals:63 - Set McuFinder mode to 2 (CubeIDE integrated)
2025-03-28 16:06:46,406 [INFO] UserAuth:486 - Internet connection configuration mode: 1
2025-03-28 16:06:46,431 [INFO] JxBrowserEngine:152 - Initiate JxBrowser Engine with user profile folder
2025-03-28 16:06:46,585 [INFO] CheckServerUpdateThread:120 - End of CheckServer Thread
2025-03-28 16:06:47,740 [WARN] PackLoader:240 - Cannot read IP mode file for STMicroelectronics.FP-SNS-MOTENVWB1.1.4.0
2025-03-28 16:06:47,749 [WARN] PackLoader:240 - Cannot read IP mode file for STMicroelectronics.FP-ATR-ASTRA1.2.0.2
2025-03-28 16:06:47,755 [WARN] PackLoader:240 - Cannot read IP mode file for STMicroelectronics.X-CUBE-SMBUS.2.1.0
2025-03-28 16:06:47,763 [WARN] PackLoader:240 - Cannot read IP mode file for STMicroelectronics.X-CUBE-WB05N.1.1.0
2025-03-28 16:06:47,789 [WARN] PackLoader:240 - Cannot read IP mode file for STMicroelectronics.X-CUBE-AZRTOS-F7.1.1.0
2025-03-28 16:06:47,810 [WARN] PackLoader:240 - Cannot read IP mode file for Infineon.AIROC-Wi-Fi-Bluetooth-STM32.1.7.0
2025-03-28 16:06:47,820 [WARN] PackLoader:240 - Cannot read IP mode file for STMicroelectronics.X-CUBE-DISPLAY.3.0.0
2025-03-28 16:06:47,830 [WARN] PackLoader:240 - Cannot read IP mode file for STMicroelectronics.X-CUBE-NFC10.1.0.0
2025-03-28 16:06:47,846 [WARN] PackLoader:240 - Cannot read IP mode file for STMicroelectronics.X-CUBE-BLEMGR.4.0.0
2025-03-28 16:06:47,855 [WARN] PackLoader:240 - Cannot read IP mode file for emotas.I-CUBE-CANOPEN.1.3.0
2025-03-28 16:06:47,859 [WARN] ConditionMgr:438 - getConditionDescription Invalid condition id : Cortex-A Device cause : null
2025-03-28 16:06:47,868 [WARN] ConditionMgr:1044 - genDependencies : Invalid condition id : Cortex-A Device cause : null
2025-03-28 16:06:47,869 [WARN] ConditionMgr:1044 - genDependencies : Invalid condition id : Cortex-A Device cause : null
2025-03-28 16:06:47,869 [WARN] ConditionMgr:1044 - genDependencies : Invalid condition id : Cortex-A Device cause : null
2025-03-28 16:06:47,871 [WARN] PackLoader:240 - Cannot read IP mode file for STMicroelectronics.X-CUBE-AI.10.0.0
2025-03-28 16:06:47,875 [WARN] PackLoader:240 - Cannot read IP mode file for STMicroelectronics.FP-SNS-SMARTAG2.1.2.0
2025-03-28 16:06:47,879 [WARN] PackLoader:240 - Cannot read IP mode file for STMicroelectronics.FP-SNS-FLIGHT1.5.1.0
2025-03-28 16:06:47,914 [WARN] PackLoader:240 - Cannot read IP mode file for STMicroelectronics.X-CUBE-MEMS1.11.1.0
2025-03-28 16:06:48,008 [INFO] LogOutputStream:77 - [STDOUT_REDIRECT] 1 : Invalid condition id : UX_CORESTACK_Condition cause : null
2025-03-28 16:06:48,008 [INFO] LogOutputStream:77 - [STDOUT_REDIRECT] 1 : Invalid condition id : UX_CORESTACK_Condition cause : null
2025-03-28 16:06:48,009 [INFO] LogOutputStream:77 - [STDOUT_REDIRECT] 1 : Invalid condition id : UX_CORESTACK_Condition cause : null
2025-03-28 16:06:48,009 [INFO] LogOutputStream:77 - [STDOUT_REDIRECT] 1 : Invalid condition id : UX_CORESTACK_Condition cause : null
2025-03-28 16:06:48,009 [INFO] LogOutputStream:77 - [STDOUT_REDIRECT] 1 : Invalid condition id : UX_CORESTACK_Condition cause : null
2025-03-28 16:06:48,012 [WARN] PackLoader:240 - Cannot read IP mode file for STMicroelectronics.X-CUBE-AZRTOS-WL.2.0.0
2025-03-28 16:06:48,019 [WARN] PackLoader:240 - Cannot read IP mode file for STMicroelectronics.FP-SNS-MOTENV1.5.0.0
2025-03-28 16:06:48,026 [WARN] PackLoader:240 - Cannot read IP mode file for WES.I-CUBE-Cesium.1.3.0
2025-03-28 16:06:48,039 [WARN] PackLoader:240 - Cannot read IP mode file for STMicroelectronics.X-CUBE-BLE2.3.3.0
2025-03-28 16:06:48,049 [WARN] PackLoader:240 - Cannot read IP mode file for STMicroelectronics.X-CUBE-NFC9.1.0.0
2025-03-28 16:06:48,055 [WARN] PackLoader:240 - Cannot read IP mode file for STMicroelectronics.X-CUBE-BLE1.7.1.0
2025-03-28 16:06:48,058 [WARN] PackLoader:240 - Cannot read IP mode file for wolfSSL.I-CUBE-wolfMQTT.1.19.2
2025-03-28 16:06:48,080 [WARN] PackLoader:240 - Cannot read IP mode file for STMicroelectronics.X-CUBE-AZRTOS-G0.1.1.0
2025-03-28 16:06:48,088 [WARN] PackLoader:240 - Cannot read IP mode file for STMicroelectronics.X-CUBE-SAFEA1.1.2.2
2025-03-28 16:06:48,095 [WARN] PackLoader:240 - Cannot read IP mode file for STMicroelectronics.X-CUBE-NFC4.3.0.0
2025-03-28 16:06:48,103 [WARN] PackLoader:240 - Cannot read IP mode file for EmbeddedOffice.I-CUBE-FS-RTOS.1.0.1
2025-03-28 16:06:48,105 [WARN] PackLoader:240 - Cannot read IP mode file for wolfSSL.I-CUBE-wolfTPM.3.8.0
2025-03-28 16:06:48,113 [WARN] PackLoader:240 - Cannot read IP mode file for STMicroelectronics.X-CUBE-TCPP.4.2.0
2025-03-28 16:06:48,117 [WARN] PackLoader:240 - Cannot read IP mode file for RealThread.X-CUBE-RT-Thread_Nano.4.1.1
2025-03-28 16:06:48,119 [WARN] PackLoader:240 - Cannot read IP mode file for STMicroelectronics.FP-ATR-SIGFOX1.3.2.0
2025-03-28 16:06:48,126 [WARN] PackLoader:240 - Cannot read IP mode file for STMicroelectronics.X-CUBE-EEPRMA1.5.1.0
2025-03-28 16:06:48,133 [WARN] PackLoader:240 - Cannot read IP mode file for wolfSSL.I-CUBE-wolfSSL.5.7.6
2025-03-28 16:06:48,141 [WARN] PackLoader:240 - Cannot read IP mode file for ITTIA_DB.I-CUBE-ITTIADB.8.9.0
2025-03-28 16:06:48,158 [WARN] PackLoader:240 - Cannot read IP mode file for SEGGER.I-CUBE-embOS.1.3.1
2025-03-28 16:06:48,296 [WARN] PackLoader:240 - Cannot read IP mode file for STMicroelectronics.X-CUBE-ALGOBUILD.1.4.0
2025-03-28 16:06:48,428 [WARN] PackLoader:240 - Cannot read IP mode file for STMicroelectronics.X-CUBE-AZRTOS-F4.1.1.0
2025-03-28 16:06:48,466 [WARN] PackLoader:240 - Cannot read IP mode file for STMicroelectronics.X-CUBE-ISPU.2.1.0
2025-03-28 16:06:48,520 [WARN] PackLoader:240 - Cannot read IP mode file for STMicroelectronics.X-CUBE-AZRTOS-L5.2.0.0
2025-03-28 16:06:48,535 [WARN] PackLoader:240 - Cannot read IP mode file for STMicroelectronics.X-CUBE-NFC6.3.1.0
2025-03-28 16:06:48,544 [WARN] PackLoader:240 - Cannot read IP mode file for STMicroelectronics.X-CUBE-DPower.1.2.0
2025-03-28 16:06:48,548 [WARN] PackLoader:240 - Cannot read IP mode file for STMicroelectronics.X-CUBE-FREERTOS.1.3.0
2025-03-28 16:06:48,554 [WARN] PackLoader:240 - Cannot read IP mode file for STMicroelectronics.X-CUBE-NFC7.1.0.1
2025-03-28 16:06:48,583 [WARN] ConditionMgr:438 - getConditionDescription Invalid condition id : LAN8742 Phy interface Condition cause : null
2025-03-28 16:06:48,584 [WARN] PackLoader:240 - Cannot read IP mode file for STMicroelectronics.X-CUBE-AZRTOS-L4.2.0.0
2025-03-28 16:06:48,585 [WARN] ConditionMgr:1044 - genDependencies : Invalid condition id : LAN8742 Phy interface Condition cause : null
2025-03-28 16:06:48,586 [WARN] ConditionMgr:1044 - genDependencies : Invalid condition id : LAN8742 Phy interface Condition cause : null
2025-03-28 16:06:48,586 [WARN] ConditionMgr:1044 - genDependencies : Invalid condition id : LAN8742 Phy interface Condition cause : null
2025-03-28 16:06:48,596 [WARN] PackLoader:240 - Cannot read IP mode file for STMicroelectronics.X-CUBE-SFXS2LP1.4.0.0
2025-03-28 16:06:48,620 [WARN] PackLoader:240 - Cannot read IP mode file for STMicroelectronics.X-CUBE-AZRTOS-H7.3.3.0
2025-03-28 16:06:48,641 [WARN] ConditionMgr:438 - getConditionDescription Invalid condition id : UX DEVICE CLASS RTOS Condition cause : null
2025-03-28 16:06:48,642 [WARN] ConditionMgr:438 - getConditionDescription Invalid condition id : UX DEVICE CLASS RTOS Condition cause : null
2025-03-28 16:06:48,643 [WARN] PackLoader:240 - Cannot read IP mode file for STMicroelectronics.X-CUBE-AZRTOS-WB.2.0.0
2025-03-28 16:06:48,643 [WARN] ConditionMgr:1044 - genDependencies : Invalid condition id : UX DEVICE CLASS RTOS Condition cause : null
2025-03-28 16:06:48,643 [WARN] ConditionMgr:1044 - genDependencies : Invalid condition id : UX DEVICE CLASS RTOS Condition cause : null
2025-03-28 16:06:48,643 [WARN] ConditionMgr:1044 - genDependencies : Invalid condition id : UX DEVICE CLASS RTOS Condition cause : null
2025-03-28 16:06:48,644 [WARN] ConditionMgr:1044 - genDependencies : Invalid condition id : UX DEVICE CLASS RTOS Condition cause : null
2025-03-28 16:06:48,644 [WARN] ConditionMgr:1044 - genDependencies : Invalid condition id : UX DEVICE CLASS RTOS Condition cause : null
2025-03-28 16:06:48,653 [WARN] PackLoader:240 - Cannot read IP mode file for STMicroelectronics.X-CUBE-GNSS1.7.0.1
2025-03-28 16:06:48,657 [WARN] PackLoader:240 - Cannot read IP mode file for STMicroelectronics.X-CUBE-TOUCHGFX.4.25.0
2025-03-28 16:06:48,664 [WARN] PackLoader:240 - Cannot read IP mode file for STMicroelectronics.FP-SNS-STBOX1.2.0.0
2025-03-28 16:06:48,677 [WARN] PackLoader:240 - Cannot read IP mode file for STMicroelectronics.X-CUBE-SUBG2.5.0.0
2025-03-28 16:06:48,702 [WARN] PackLoader:240 - Cannot read IP mode file for STMicroelectronics.X-CUBE-AZRTOS-H7RS.1.1.0
2025-03-28 16:06:48,707 [WARN] PackLoader:240 - Cannot read IP mode file for Cesanta.I-CUBE-Mongoose.7.13.0
2025-03-28 16:06:48,725 [WARN] PackLoader:240 - Cannot read IP mode file for STMicroelectronics.X-CUBE-AZRTOS-G4.2.0.0
2025-03-28 16:06:48,728 [WARN] PackLoader:240 - Cannot read IP mode file for wolfSSL.I-CUBE-wolfSSH.1.4.20
2025-03-28 16:06:48,740 [WARN] PackLoader:240 - Cannot read IP mode file for STMicroelectronics.X-CUBE-IPS.3.1.0
2025-03-28 16:06:48,747 [WARN] PackLoader:240 - Cannot read IP mode file for STMicroelectronics.X-CUBE-ALS.1.0.2
2025-03-28 16:06:48,755 [WARN] PackLoader:240 - Cannot read IP mode file for portGmbH.I-Cube-SoM-uGOAL.1.1.0
2025-03-28 16:06:48,769 [WARN] PackLoader:240 - Cannot read IP mode file for STMicroelectronics.X-CUBE-TOF1.3.4.2
2025-03-28 16:06:48,774 [INFO] ThirdParty:978 - Integrity check success = true
2025-03-28 16:06:48,774 [INFO] IntegrityCheckThread:100 - exiting critical section [integrity check]
2025-03-28 16:06:48,775 [INFO] IntegrityCheckThread:103 - End integrity checks thread
2025-03-28 16:06:51,873 [INFO] WebApp:169 - Instantiating new browser for Auth
2025-03-28 16:06:53,555 [INFO] WebApp:463 - Apply proxy settings
2025-03-28 16:06:53,555 [INFO] WebApp:548 - Chromium requires no authentication
2025-03-28 16:06:53,580 [INFO] WebApp:491 - Direct internet connection detected
2025-03-28 16:06:53,625 [INFO] WebApp:894 - Register for checkConnection events
2025-03-28 16:06:53,625 [INFO] WebApp:463 - Apply proxy settings
2025-03-28 16:06:53,625 [INFO] WebApp:548 - Chromium requires no authentication
2025-03-28 16:06:53,626 [INFO] WebApp:491 - Direct internet connection detected
2025-03-28 16:06:53,829 [INFO] WebApp:225 - Starting web application
2025-03-28 16:06:53,829 [INFO] WebApp:593 - Web application path used /opt/stm32cubeide/plugins/com.st.stm32cube.common.mx_6.14.0.202502271554/db/plugins/mcufinder/reactClient1/index.html
2025-03-28 16:06:53,934 [INFO] WebApp:191 - Connection restablished
2025-03-28 16:06:54,031 [INFO] UserAuth:486 - Internet connection configuration mode: 1
